pushtest/app/build/intermediates/manifest_merge_blame_file/debug/manifest-merger-blame-debug-report.txt
1<?xml version="1.0" encoding="utf-8"?>
2<manifest xmlns:android="http://schemas.android.com/apk/res/android"
3    package="fcmexample.dowellcomputer.pushtest"
4    android:versionCode="1"
5    android:versionName="1.0" >
6
7    <uses-sdk
8        android:minSdkVersion="21"
8-->src\main\AndroidManifest.xml
9        android:targetSdkVersion="31" />
9-->src\main\AndroidManifest.xml
10
11    <uses-permission android:name="android.permission.ACCESS_NETWORK_STATE" />
11-->[com.google.firebase:firebase-iid:17.0.4] AndroidManifest.xml:22:5-79
11-->[com.google.firebase:firebase-iid:17.0.4] AndroidManifest.xml:22:22-76
12    <uses-permission android:name="android.permission.INTERNET" />
12-->[com.google.firebase:firebase-iid:17.0.4] AndroidManifest.xml:23:5-67
12-->[com.google.firebase:firebase-iid:17.0.4] AndroidManifest.xml:23:22-64
13    <uses-permission android:name="android.permission.WAKE_LOCK" /> <!-- Required by older versions of Google Play services to create IID tokens -->
13-->[com.google.firebase:firebase-iid:17.0.4] AndroidManifest.xml:24:5-68
13-->[com.google.firebase:firebase-iid:17.0.4] AndroidManifest.xml:24:22-65
14    <uses-permission android:name="com.google.android.c2dm.permission.RECEIVE" />
14-->[com.google.firebase:firebase-iid:17.0.4] AndroidManifest.xml:26:5-82
14-->[com.google.firebase:firebase-iid:17.0.4] AndroidManifest.xml:26:22-79
15
16    <application
16-->src\main\AndroidManifest.xml:5:5-34:19
17        android:allowBackup="true"
17-->src\main\AndroidManifest.xml:6:9-35
18        android:appComponentFactory="androidx.core.app.CoreComponentFactory"
18-->[androidx.core:core:1.7.0] AndroidManifest.xml:24:18-86
19        android:debuggable="true"
20        android:icon="@mipmap/ic_launcher"
20-->src\main\AndroidManifest.xml:7:9-43
21        android:label="@string/app_name"
21-->src\main\AndroidManifest.xml:8:9-41
22        android:roundIcon="@mipmap/ic_launcher_round"
22-->src\main\AndroidManifest.xml:9:9-54
23        android:supportsRtl="true"
23-->src\main\AndroidManifest.xml:10:9-35
24        android:testOnly="true"
25        android:theme="@style/Theme.Pushtest" >
25-->src\main\AndroidManifest.xml:11:9-46
26        <meta-data
26-->src\main\AndroidManifest.xml:13:9-15:69
27            android:name="com.google.android.gms.ads.APPLICATION_ID"
27-->src\main\AndroidManifest.xml:14:13-69
28            android:value="ca-app-pub-3940256099942544~3347511713" />
28-->src\main\AndroidManifest.xml:15:13-67
29
30        <service
30-->src\main\AndroidManifest.xml:17:9-23:19
31            android:name="fcmexample.dowellcomputer.pushtest.MyFirebaseMessagingService"
31-->src\main\AndroidManifest.xml:18:13-55
32            android:exported="true" >
32-->src\main\AndroidManifest.xml:19:13-36
33            <intent-filter>
33-->src\main\AndroidManifest.xml:20:13-22:29
34                <action android:name="com.google.firebase.MESSAGING_EVENT" />
34-->src\main\AndroidManifest.xml:21:17-77
34-->src\main\AndroidManifest.xml:21:25-75
35            </intent-filter>
36        </service>
37
38        <activity
38-->src\main\AndroidManifest.xml:25:9-33:20
39            android:name="fcmexample.dowellcomputer.pushtest.MainActivity"
39-->src\main\AndroidManifest.xml:26:13-41
40            android:exported="true" >
40-->src\main\AndroidManifest.xml:27:13-36
41            <intent-filter>
41-->src\main\AndroidManifest.xml:28:13-32:29
42                <action android:name="android.intent.action.MAIN" />
42-->src\main\AndroidManifest.xml:29:17-69
42-->src\main\AndroidManifest.xml:29:25-66
43
44                <category android:name="android.intent.category.LAUNCHER" />
44-->src\main\AndroidManifest.xml:31:17-77
44-->src\main\AndroidManifest.xml:31:27-74
45            </intent-filter>
46        </activity>
47        <!--
48             FirebaseMessagingService performs security checks at runtime,
49             no need for explicit permissions despite exported="true"
50        -->
51        <service
51-->[com.google.firebase:firebase-messaging:17.3.4] AndroidManifest.xml:28:9-34:19
52            android:name="com.google.firebase.messaging.FirebaseMessagingService"
52-->[com.google.firebase:firebase-messaging:17.3.4] AndroidManifest.xml:29:13-82
53            android:exported="true" >
53-->[com.google.firebase:firebase-messaging:17.3.4] AndroidManifest.xml:30:13-36
54            <intent-filter android:priority="-500" >
54-->src\main\AndroidManifest.xml:20:13-22:29
55                <action android:name="com.google.firebase.MESSAGING_EVENT" />
55-->src\main\AndroidManifest.xml:21:17-77
55-->src\main\AndroidManifest.xml:21:25-75
56            </intent-filter>
57        </service>
58        <service
58-->[com.google.firebase:firebase-iid:17.0.4] AndroidManifest.xml:29:9-35:19
59            android:name="com.google.firebase.components.ComponentDiscoveryService"
59-->[com.google.firebase:firebase-iid:17.0.4] AndroidManifest.xml:30:13-84
60            android:exported="false" >
60-->[com.google.firebase:firebase-iid:17.0.4] AndroidManifest.xml:31:13-37
61            <meta-data
61-->[com.google.firebase:firebase-iid:17.0.4] AndroidManifest.xml:32:13-34:85
62                android:name="com.google.firebase.components:com.google.firebase.iid.Registrar"
62-->[com.google.firebase:firebase-iid:17.0.4] AndroidManifest.xml:33:17-96
63                android:value="com.google.firebase.components.ComponentRegistrar" />
63-->[com.google.firebase:firebase-iid:17.0.4] AndroidManifest.xml:34:17-82
64        </service>
65
66        <receiver
66-->[com.google.firebase:firebase-iid:17.0.4] AndroidManifest.xml:37:9-44:20
67            android:name="com.google.firebase.iid.FirebaseInstanceIdReceiver"
67-->[com.google.firebase:firebase-iid:17.0.4] AndroidManifest.xml:38:13-78
68            android:exported="true"
68-->[com.google.firebase:firebase-iid:17.0.4] AndroidManifest.xml:39:13-36
69            android:permission="com.google.android.c2dm.permission.SEND" >
69-->[com.google.firebase:firebase-iid:17.0.4] AndroidManifest.xml:40:13-73
70            <intent-filter>
70-->[com.google.firebase:firebase-iid:17.0.4] AndroidManifest.xml:41:13-43:29
71                <action android:name="com.google.android.c2dm.intent.RECEIVE" />
71-->[com.google.firebase:firebase-iid:17.0.4] AndroidManifest.xml:42:17-81
71-->[com.google.firebase:firebase-iid:17.0.4] AndroidManifest.xml:42:25-78
72            </intent-filter>
73        </receiver>
74        <!--
75             FirebaseInstanceIdService performs security checks at runtime,
76             no need for explicit permissions despite exported="true"
77        -->
78        <service
78-->[com.google.firebase:firebase-iid:17.0.4] AndroidManifest.xml:50:9-56:19
79            android:name="com.google.firebase.iid.FirebaseInstanceIdService"
79-->[com.google.firebase:firebase-iid:17.0.4] AndroidManifest.xml:51:13-77
80            android:exported="true" >
80-->[com.google.firebase:firebase-iid:17.0.4] AndroidManifest.xml:52:13-36
81            <intent-filter android:priority="-500" >
81-->[com.google.firebase:firebase-iid:17.0.4] AndroidManifest.xml:53:13-55:29
81-->[com.google.firebase:firebase-iid:17.0.4] AndroidManifest.xml:53:28-51
82                <action android:name="com.google.firebase.INSTANCE_ID_EVENT" />
82-->[com.google.firebase:firebase-iid:17.0.4] AndroidManifest.xml:54:17-80
82-->[com.google.firebase:firebase-iid:17.0.4] AndroidManifest.xml:54:25-77
83            </intent-filter>
84        </service>
85
86        <provider
86-->[com.google.firebase:firebase-common:16.0.3] AndroidManifest.xml:10:9-14:39
87            android:name="com.google.firebase.provider.FirebaseInitProvider"
87-->[com.google.firebase:firebase-common:16.0.3] AndroidManifest.xml:11:13-77
88            android:authorities="fcmexample.dowellcomputer.pushtest.firebaseinitprovider"
88-->[com.google.firebase:firebase-common:16.0.3] AndroidManifest.xml:12:13-72
89            android:exported="false"
89-->[com.google.firebase:firebase-common:16.0.3] AndroidManifest.xml:13:13-37
90            android:initOrder="100" />
90-->[com.google.firebase:firebase-common:16.0.3] AndroidManifest.xml:14:13-36
91
92        <activity
92-->[com.google.android.gms:play-services-base:16.0.1] AndroidManifest.xml:23:9-26:75
93            android:name="com.google.android.gms.common.api.GoogleApiActivity"
93-->[com.google.android.gms:play-services-base:16.0.1] AndroidManifest.xml:24:13-79
94            android:exported="false"
94-->[com.google.android.gms:play-services-base:16.0.1] AndroidManifest.xml:25:13-37
95            android:theme="@android:style/Theme.Translucent.NoTitleBar" /> <!-- Include the AdActivity and InAppPurchaseActivity configChanges and themes. -->
95-->[com.google.android.gms:play-services-base:16.0.1] AndroidManifest.xml:26:13-72
96        <activity
96-->[com.google.android.gms:play-services-ads-lite:17.1.1] AndroidManifest.xml:29:9-33:64
97            android:name="com.google.android.gms.ads.AdActivity"
97-->[com.google.android.gms:play-services-ads-lite:17.1.1] AndroidManifest.xml:30:13-65
98            android:configChanges="keyboard|keyboardHidden|orientation|screenLayout|uiMode|screenSize|smallestScreenSize"
98-->[com.google.android.gms:play-services-ads-lite:17.1.1] AndroidManifest.xml:31:13-122
99            android:exported="false"
99-->[com.google.android.gms:play-services-ads-lite:17.1.1] AndroidManifest.xml:32:13-37
100            android:theme="@android:style/Theme.Translucent" />
100-->[com.google.android.gms:play-services-ads-lite:17.1.1] AndroidManifest.xml:33:13-61
101
102        <provider
102-->[com.google.android.gms:play-services-ads-lite:17.1.1] AndroidManifest.xml:35:9-39:39
103            android:name="com.google.android.gms.ads.MobileAdsInitProvider"
103-->[com.google.android.gms:play-services-ads-lite:17.1.1] AndroidManifest.xml:36:13-76
104            android:authorities="fcmexample.dowellcomputer.pushtest.mobileadsinitprovider"
104-->[com.google.android.gms:play-services-ads-lite:17.1.1] AndroidManifest.xml:37:13-73
105            android:exported="false"
105-->[com.google.android.gms:play-services-ads-lite:17.1.1] AndroidManifest.xml:38:13-37
106            android:initOrder="100" />
106-->[com.google.android.gms:play-services-ads-lite:17.1.1] AndroidManifest.xml:39:13-36
107
108        <meta-data
108-->[com.google.android.gms:play-services-basement:16.0.1] AndroidManifest.xml:23:9-25:69
109            android:name="com.google.android.gms.version"
109-->[com.google.android.gms:play-services-basement:16.0.1] AndroidManifest.xml:24:13-58
110            android:value="@integer/google_play_services_version" />
110-->[com.google.android.gms:play-services-basement:16.0.1] AndroidManifest.xml:25:13-66
111
112        <provider
112-->[androidx.emoji2:emoji2:1.0.0] AndroidManifest.xml:26:9-34:20
113            android:name="androidx.startup.InitializationProvider"
113-->[androidx.emoji2:emoji2:1.0.0] AndroidManifest.xml:27:13-67
114            android:authorities="fcmexample.dowellcomputer.pushtest.androidx-startup"
114-->[androidx.emoji2:emoji2:1.0.0] AndroidManifest.xml:28:13-68
115            android:exported="false" >
115-->[androidx.emoji2:emoji2:1.0.0] AndroidManifest.xml:29:13-37
116            <meta-data
116-->[androidx.emoji2:emoji2:1.0.0] AndroidManifest.xml:31:13-33:52
117                android:name="androidx.emoji2.text.EmojiCompatInitializer"
117-->[androidx.emoji2:emoji2:1.0.0] AndroidManifest.xml:32:17-75
118                android:value="androidx.startup" />
118-->[androidx.emoji2:emoji2:1.0.0] AndroidManifest.xml:33:17-49
119            <meta-data
119-->[androidx.lifecycle:lifecycle-process:2.4.0] AndroidManifest.xml:31:13-33:52
120                android:name="androidx.lifecycle.ProcessLifecycleInitializer"
120-->[androidx.lifecycle:lifecycle-process:2.4.0] AndroidManifest.xml:32:17-78
121                android:value="androidx.startup" />
121-->[androidx.lifecycle:lifecycle-process:2.4.0] AndroidManifest.xml:33:17-49
122        </provider>
123    </application>
124
125</manifest>